<?xml version="1.0" encoding="UTF-8"?>
<!-- Generated by org.testng.reporters.JUnitReportReporter -->
<testsuite skipped="0" hostname="DESKTOP-R97KMG8" name="TestCases.LoginTest" tests="1" failures="0" timestamp="30 Dec 2020 10:23:57 GMT" time="0.380" errors="0">
  <testcase name="loginApp" time="0.380" classname="TestCases.LoginTest"/>
</testsuite> <!-- TestCases.LoginTest -->
